<?xml version="1.0" encoding="UTF-8"?>
<!-- Generated by org.testng.reporters.JUnitXMLReporter -->
<testsuite hostname="PrateekPC" failures="0" tests="3" name="ChromeTest" time="57.759" errors="0" timestamp="2 Jul 2021 16:12:42 GMT">
  <testcase classname="com.cognizant.tests.CarInsuranceTest" name="testCarInsuranceCase" time="21.719"/>
  <testcase classname="com.cognizant.tests.TravelInsuranceTest" name="testSearchCountry" time="14.967"/>
  <testcase classname="com.cognizant.tests.HealthInsuranceTest" name="HealthInsurance" time="3.651"/>
</testsuite> <!-- ChromeTest -->
