<?xml version="1.0" encoding="UTF-8"?>
<!-- Generated by org.testng.reporters.JUnitXMLReporter -->
<testsuite hostname="PrateekPC" failures="0" tests="3" name="ChromeTest" time="70.555" errors="0" timestamp="2 Jul 2021 13:01:00 GMT">
  <testcase classname="com.cognizant.tests.CarInsuranceTest" name="testCarInsuranceCase" time="26.256"/>
  <testcase classname="com.cognizant.tests.TravelInsuranceTest" name="testSearchCountry" time="15.979"/>
  <testcase classname="com.cognizant.tests.HealthInsuranceTest" name="HealthInsurance" time="3.94"/>
</testsuite> <!-- ChromeTest -->
