<?xml version="1.0" encoding="UTF-8"?>
<!-- Generated by org.testng.reporters.JUnitXMLReporter -->
<testsuite hostname="PrateekPC" failures="0" tests="3" name="EdgeTest" time="70.471" errors="0" timestamp="2 Jul 2021 13:01:00 GMT">
  <testcase classname="com.cognizant.tests.HealthInsuranceTest" name="HealthInsurance" time="6.832"/>
  <testcase classname="com.cognizant.tests.CarInsuranceTest" name="testCarInsuranceCase" time="23.645"/>
  <testcase classname="com.cognizant.tests.TravelInsuranceTest" name="testSearchCountry" time="11.853"/>
</testsuite> <!-- EdgeTest -->
