<?xml version="1.0" encoding="UTF-8"?>
<!-- Generated by org.testng.reporters.JUnitXMLReporter -->
<testsuite hostname="PrateekPC" failures="0" tests="3" name="EdgeTest" time="60.496" errors="0" timestamp="2 Jul 2021 16:12:44 GMT">
  <testcase classname="com.cognizant.tests.HealthInsuranceTest" name="HealthInsurance" time="5.932"/>
  <testcase classname="com.cognizant.tests.CarInsuranceTest" name="testCarInsuranceCase" time="21.002"/>
  <testcase classname="com.cognizant.tests.TravelInsuranceTest" name="testSearchCountry" time="14.442"/>
</testsuite> <!-- EdgeTest -->
