<?xml version="1.0" encoding="UTF-8"?>
<!-- Generated by org.testng.reporters.JUnitXMLReporter -->
<testsuite hostname="PrateekPC" failures="0" tests="3" name="FirefoxTest" time="63.467" errors="0" timestamp="2 Jul 2021 16:12:47 GMT">
  <testcase classname="com.cognizant.tests.HealthInsuranceTest" name="HealthInsurance" time="5.714"/>
  <testcase classname="com.cognizant.tests.CarInsuranceTest" name="testCarInsuranceCase" time="16.201"/>
  <testcase classname="com.cognizant.tests.TravelInsuranceTest" name="testSearchCountry" time="17.211">
    <skipped/>
  </testcase> <!-- testSearchCountry -->
</testsuite> <!-- FirefoxTest -->
