<?xml version="1.0" encoding="UTF-8"?>
<!-- Generated by org.testng.reporters.JUnitXMLReporter -->
<testsuite hostname="PrateekPC" failures="0" tests="3" name="FirefoxTest" time="74.784" errors="0" timestamp="2 Jul 2021 13:01:04 GMT">
  <testcase classname="com.cognizant.tests.HealthInsuranceTest" name="HealthInsurance" time="6.642"/>
  <testcase classname="com.cognizant.tests.CarInsuranceTest" name="testCarInsuranceCase" time="20.835"/>
  <testcase classname="com.cognizant.tests.TravelInsuranceTest" name="testSearchCountry" time="21.355">
    <skipped/>
  </testcase> <!-- testSearchCountry -->
</testsuite> <!-- FirefoxTest -->
