<?xml version="1.0" encoding="UTF-8"?>
<testng-results total="9" passed="8" failed="0" skipped="1">
  <reporter-output>
    <line>
      <![CDATA[Family Health Insurance]]>
    </line>
    <line>
      <![CDATA[Senior Citizen Health Insurance]]>
    </line>
    <line>
      <![CDATA[Coronavirus Health Insurance]]>
    </line>
    <line>
      <![CDATA[Corona Kavach Policy]]>
    </line>
    <line>
      <![CDATA[Corona Rakshak Policy]]>
    </line>
    <line>
      <![CDATA[Arogya Sanjeevani Policy]]>
    </line>
    <line>
      <![CDATA[Critical Illness Insurance]]>
    </line>
    <line>
      <![CDATA[Mediclaim Policy]]>
    </line>
    <line>
      <![CDATA[Family Health Insurance]]>
    </line>
    <line>
      <![CDATA[Best Health Insurance Plans]]>
    </line>
    <line>
      <![CDATA[Senior Citizen Health Insurance]]>
    </line>
    <line>
      <![CDATA[Health Insurance Claim]]>
    </line>
    <line>
      <![CDATA[Coronavirus Health Insurance]]>
    </line>
    <line>
      <![CDATA[Corona Kavach Policy]]>
    </line>
    <line>
      <![CDATA[Health Insurance Calculator]]>
    </line>
    <line>
      <![CDATA[Corona Rakshak Policy]]>
    </line>
    <line>
      <![CDATA[Arogya Sanjeevani Policy]]>
    </line>
    <line>
      <![CDATA[Critical Illness Insurance]]>
    </line>
    <line>
      <![CDATA[Mediclaim Policy]]>
    </line>
    <line>
      <![CDATA[Best Health Insurance Plans]]>
    </line>
    <line>
      <![CDATA[Health Insurance Claim]]>
    </line>
    <line>
      <![CDATA[Health Insurance Calculator]]>
    </line>
    <line>
      <![CDATA[Something went wrong with the web driver object when it was being closed.]]>
    </line>
    <line>
      <![CDATA[Family Health Insurance]]>
    </line>
    <line>
      <![CDATA[Senior Citizen Health Insurance]]>
    </line>
    <line>
      <![CDATA[Coronavirus Health Insurance]]>
    </line>
    <line>
      <![CDATA[Corona Kavach Policy]]>
    </line>
    <line>
      <![CDATA[Corona Rakshak Policy]]>
    </line>
    <line>
      <![CDATA[Arogya Sanjeevani Policy]]>
    </line>
    <line>
      <![CDATA[Critical Illness Insurance]]>
    </line>
    <line>
      <![CDATA[Mediclaim Policy]]>
    </line>
    <line>
      <![CDATA[Best Health Insurance Plans]]>
    </line>
    <line>
      <![CDATA[Health Insurance Claim]]>
    </line>
    <line>
      <![CDATA[Health Insurance Calculator]]>
    </line>
    <line>
      <![CDATA[WebDriver timeout. Failed to locate a web element.]]>
    </line>
    <line>
      <![CDATA[Something went wrong with the web driver object when it was being closed.]]>
    </line>
  </reporter-output>
  <suite started-at="2021-07-02T16:11:44Z" name="PolicyBazarTests" finished-at="2021-07-02T16:12:47Z" duration-ms="63469">
    <groups>
    </groups>
    <test started-at="2021-07-02T16:11:44Z" name="ChromeTest" finished-at="2021-07-02T16:12:42Z" duration-ms="57759">
      <class name="com.cognizant.tests.CarInsuranceTest">
        <test-method is-config="true" signature="suiteSetup(java.lang.String, java.lang.String, java.lang.String)[pri:0, instance:com.cognizant.tests.CarInsuranceTest@33723e30]" started-at="2021-07-02T21:41:44Z" name="suiteSetup" finished-at="2021-07-02T21:41:47Z" duration-ms="3089" status="PASS">
          <params>
            <param index="0">
              <value>
                <![CDATA[chrome]]>
              </value>
            </param>
            <param index="1">
              <value>
                <![CDATA[Windows 10]]>
              </value>
            </param>
            <param index="2">
              <value>
                <![CDATA[local]]>
              </value>
            </param>
          </params>
          <reporter-output>
          </reporter-output>
        </test-method> <!-- suiteSetup -->
        <test-method is-config="true" signature="testClassSetup(java.lang.String, java.lang.String, java.lang.String)[pri:0, instance:com.cognizant.tests.CarInsuranceTest@33723e30]" started-at="2021-07-02T21:41:47Z" name="testClassSetup" finished-at="2021-07-02T21:41:49Z" duration-ms="1712" status="PASS">
          <params>
            <param index="0">
              <value>
                <![CDATA[chrome]]>
              </value>
            </param>
            <param index="1">
              <value>
                <![CDATA[Windows 10]]>
              </value>
            </param>
            <param index="2">
              <value>
                <![CDATA[local]]>
              </value>
            </param>
          </params>
          <reporter-output>
          </reporter-output>
        </test-method> <!-- testClassSetup -->
        <test-method signature="testCarInsuranceCase()[pri:0, instance:com.cognizant.tests.CarInsuranceTest@33723e30]" started-at="2021-07-02T21:41:49Z" name="testCarInsuranceCase" finished-at="2021-07-02T21:42:10Z" duration-ms="21719" status="PASS">
          <reporter-output>
          </reporter-output>
        </test-method> <!-- testCarInsuranceCase -->
        <test-method is-config="true" signature="testClassTearDown()[pri:0, instance:com.cognizant.tests.CarInsuranceTest@33723e30]" started-at="2021-07-02T21:42:10Z" name="testClassTearDown" finished-at="2021-07-02T21:42:13Z" duration-ms="2344" status="PASS">
          <reporter-output>
          </reporter-output>
        </test-method> <!-- testClassTearDown -->
      </class> <!-- com.cognizant.tests.CarInsuranceTest -->
      <class name="com.cognizant.tests.TravelInsuranceTest">
        <test-method is-config="true" signature="suiteSetup(java.lang.String, java.lang.String, java.lang.String)[pri:0, instance:com.cognizant.tests.TravelInsuranceTest@396e2f39]" started-at="2021-07-02T21:42:13Z" name="suiteSetup" finished-at="2021-07-02T21:42:14Z" duration-ms="1489" status="PASS">
          <params>
            <param index="0">
              <value>
                <![CDATA[chrome]]>
              </value>
            </param>
            <param index="1">
              <value>
                <![CDATA[Windows 10]]>
              </value>
            </param>
            <param index="2">
              <value>
                <![CDATA[local]]>
              </value>
            </param>
          </params>
          <reporter-output>
          </reporter-output>
        </test-method> <!-- suiteSetup -->
        <test-method is-config="true" signature="testClassSetup(java.lang.String, java.lang.String, java.lang.String)[pri:0, instance:com.cognizant.tests.TravelInsuranceTest@396e2f39]" started-at="2021-07-02T21:42:14Z" name="testClassSetup" finished-at="2021-07-02T21:42:14Z" duration-ms="48" status="PASS">
          <params>
            <param index="0">
              <value>
                <![CDATA[chrome]]>
              </value>
            </param>
            <param index="1">
              <value>
                <![CDATA[Windows 10]]>
              </value>
            </param>
            <param index="2">
              <value>
                <![CDATA[local]]>
              </value>
            </param>
          </params>
          <reporter-output>
          </reporter-output>
        </test-method> <!-- testClassSetup -->
        <test-method signature="testSearchCountry()[pri:0, instance:com.cognizant.tests.TravelInsuranceTest@396e2f39]" started-at="2021-07-02T21:42:14Z" name="testSearchCountry" finished-at="2021-07-02T21:42:29Z" duration-ms="14967" status="PASS">
          <reporter-output>
          </reporter-output>
        </test-method> <!-- testSearchCountry -->
        <test-method is-config="true" signature="testClassTearDown()[pri:0, instance:com.cognizant.tests.TravelInsuranceTest@396e2f39]" started-at="2021-07-02T21:42:29Z" name="testClassTearDown" finished-at="2021-07-02T21:42:37Z" duration-ms="7398" status="PASS">
          <reporter-output>
          </reporter-output>
        </test-method> <!-- testClassTearDown -->
      </class> <!-- com.cognizant.tests.TravelInsuranceTest -->
      <class name="com.cognizant.tests.HealthInsuranceTest">
        <test-method is-config="true" signature="suiteSetup(java.lang.String, java.lang.String, java.lang.String)[pri:0, instance:com.cognizant.tests.HealthInsuranceTest@a74868d]" started-at="2021-07-02T21:42:37Z" name="suiteSetup" finished-at="2021-07-02T21:42:38Z" duration-ms="1065" status="PASS">
          <params>
            <param index="0">
              <value>
                <![CDATA[chrome]]>
              </value>
            </param>
            <param index="1">
              <value>
                <![CDATA[Windows 10]]>
              </value>
            </param>
            <param index="2">
              <value>
                <![CDATA[local]]>
              </value>
            </param>
          </params>
          <reporter-output>
          </reporter-output>
        </test-method> <!-- suiteSetup -->
        <test-method is-config="true" signature="testClassSetup(java.lang.String, java.lang.String, java.lang.String)[pri:0, instance:com.cognizant.tests.HealthInsuranceTest@a74868d]" started-at="2021-07-02T21:42:38Z" name="testClassSetup" finished-at="2021-07-02T21:42:38Z" duration-ms="0" status="PASS">
          <params>
            <param index="0">
              <value>
                <![CDATA[chrome]]>
              </value>
            </param>
            <param index="1">
              <value>
                <![CDATA[Windows 10]]>
              </value>
            </param>
            <param index="2">
              <value>
                <![CDATA[local]]>
              </value>
            </param>
          </params>
          <reporter-output>
          </reporter-output>
        </test-method> <!-- testClassSetup -->
        <test-method signature="HealthInsurance()[pri:0, instance:com.cognizant.tests.HealthInsuranceTest@a74868d]" started-at="2021-07-02T21:42:38Z" name="HealthInsurance" finished-at="2021-07-02T21:42:41Z" duration-ms="3651" status="PASS">
          <reporter-output>
            <line>
              <![CDATA[Family Health Insurance]]>
            </line>
            <line>
              <![CDATA[Senior Citizen Health Insurance]]>
            </line>
            <line>
              <![CDATA[Coronavirus Health Insurance]]>
            </line>
            <line>
              <![CDATA[Corona Kavach Policy]]>
            </line>
            <line>
              <![CDATA[Corona Rakshak Policy]]>
            </line>
            <line>
              <![CDATA[Arogya Sanjeevani Policy]]>
            </line>
            <line>
              <![CDATA[Critical Illness Insurance]]>
            </line>
            <line>
              <![CDATA[Mediclaim Policy]]>
            </line>
            <line>
              <![CDATA[Best Health Insurance Plans]]>
            </line>
            <line>
              <![CDATA[Health Insurance Claim]]>
            </line>
            <line>
              <![CDATA[Health Insurance Calculator]]>
            </line>
          </reporter-output>
        </test-method> <!-- HealthInsurance -->
        <test-method is-config="true" signature="testClassTearDown()[pri:0, instance:com.cognizant.tests.HealthInsuranceTest@a74868d]" started-at="2021-07-02T21:42:41Z" name="testClassTearDown" finished-at="2021-07-02T21:42:42Z" duration-ms="188" status="PASS">
          <reporter-output>
          </reporter-output>
        </test-method> <!-- testClassTearDown -->
      </class> <!-- com.cognizant.tests.HealthInsuranceTest -->
    </test> <!-- ChromeTest -->
    <test started-at="2021-07-02T16:11:44Z" name="EdgeTest" finished-at="2021-07-02T16:12:44Z" duration-ms="60496">
      <class name="com.cognizant.tests.CarInsuranceTest">
        <test-method is-config="true" signature="suiteSetup(java.lang.String, java.lang.String, java.lang.String)[pri:0, instance:com.cognizant.tests.CarInsuranceTest@78186a70]" started-at="2021-07-02T21:41:55Z" name="suiteSetup" finished-at="2021-07-02T21:41:57Z" duration-ms="1490" status="PASS">
          <params>
            <param index="0">
              <value>
                <![CDATA[edge]]>
              </value>
            </param>
            <param index="1">
              <value>
                <![CDATA[Windows 10]]>
              </value>
            </param>
            <param index="2">
              <value>
                <![CDATA[local]]>
              </value>
            </param>
          </params>
          <reporter-output>
          </reporter-output>
        </test-method> <!-- suiteSetup -->
        <test-method is-config="true" signature="testClassSetup(java.lang.String, java.lang.String, java.lang.String)[pri:0, instance:com.cognizant.tests.CarInsuranceTest@78186a70]" started-at="2021-07-02T21:41:57Z" name="testClassSetup" finished-at="2021-07-02T21:41:57Z" duration-ms="58" status="PASS">
          <params>
            <param index="0">
              <value>
                <![CDATA[edge]]>
              </value>
            </param>
            <param index="1">
              <value>
                <![CDATA[Windows 10]]>
              </value>
            </param>
            <param index="2">
              <value>
                <![CDATA[local]]>
              </value>
            </param>
          </params>
          <reporter-output>
          </reporter-output>
        </test-method> <!-- testClassSetup -->
        <test-method signature="testCarInsuranceCase()[pri:0, instance:com.cognizant.tests.CarInsuranceTest@78186a70]" started-at="2021-07-02T21:41:57Z" name="testCarInsuranceCase" finished-at="2021-07-02T21:42:18Z" duration-ms="21002" status="PASS">
          <reporter-output>
          </reporter-output>
        </test-method> <!-- testCarInsuranceCase -->
        <test-method is-config="true" signature="testClassTearDown()[pri:0, instance:com.cognizant.tests.CarInsuranceTest@78186a70]" started-at="2021-07-02T21:42:18Z" name="testClassTearDown" finished-at="2021-07-02T21:42:23Z" duration-ms="5169" status="PASS">
          <reporter-output>
          </reporter-output>
        </test-method> <!-- testClassTearDown -->
      </class> <!-- com.cognizant.tests.CarInsuranceTest -->
      <class name="com.cognizant.tests.TravelInsuranceTest">
        <test-method is-config="true" signature="suiteSetup(java.lang.String, java.lang.String, java.lang.String)[pri:0, instance:com.cognizant.tests.TravelInsuranceTest@545997b1]" started-at="2021-07-02T21:42:23Z" name="suiteSetup" finished-at="2021-07-02T21:42:25Z" duration-ms="2403" status="PASS">
          <params>
            <param index="0">
              <value>
                <![CDATA[edge]]>
              </value>
            </param>
            <param index="1">
              <value>
                <![CDATA[Windows 10]]>
              </value>
            </param>
            <param index="2">
              <value>
                <![CDATA[local]]>
              </value>
            </param>
          </params>
          <reporter-output>
          </reporter-output>
        </test-method> <!-- suiteSetup -->
        <test-method is-config="true" signature="testClassSetup(java.lang.String, java.lang.String, java.lang.String)[pri:0, instance:com.cognizant.tests.TravelInsuranceTest@545997b1]" started-at="2021-07-02T21:42:25Z" name="testClassSetup" finished-at="2021-07-02T21:42:25Z" duration-ms="55" status="PASS">
          <params>
            <param index="0">
              <value>
                <![CDATA[edge]]>
              </value>
            </param>
            <param index="1">
              <value>
                <![CDATA[Windows 10]]>
              </value>
            </param>
            <param index="2">
              <value>
                <![CDATA[local]]>
              </value>
            </param>
          </params>
          <reporter-output>
          </reporter-output>
        </test-method> <!-- testClassSetup -->
        <test-method signature="testSearchCountry()[pri:0, instance:com.cognizant.tests.TravelInsuranceTest@545997b1]" started-at="2021-07-02T21:42:25Z" name="testSearchCountry" finished-at="2021-07-02T21:42:40Z" duration-ms="14442" status="PASS">
          <reporter-output>
          </reporter-output>
        </test-method> <!-- testSearchCountry -->
        <test-method is-config="true" signature="testClassTearDown()[pri:0, instance:com.cognizant.tests.TravelInsuranceTest@545997b1]" started-at="2021-07-02T21:42:40Z" name="testClassTearDown" finished-at="2021-07-02T21:42:44Z" duration-ms="4652" status="PASS">
          <reporter-output>
          </reporter-output>
        </test-method> <!-- testClassTearDown -->
      </class> <!-- com.cognizant.tests.TravelInsuranceTest -->
      <class name="com.cognizant.tests.HealthInsuranceTest">
        <test-method is-config="true" signature="suiteSetup(java.lang.String, java.lang.String, java.lang.String)[pri:0, instance:com.cognizant.tests.HealthInsuranceTest@4cf4d528]" started-at="2021-07-02T21:41:44Z" name="suiteSetup" finished-at="2021-07-02T21:41:47Z" duration-ms="3542" status="PASS">
          <params>
            <param index="0">
              <value>
                <![CDATA[edge]]>
              </value>
            </param>
            <param index="1">
              <value>
                <![CDATA[Windows 10]]>
              </value>
            </param>
            <param index="2">
              <value>
                <![CDATA[local]]>
              </value>
            </param>
          </params>
          <reporter-output>
          </reporter-output>
        </test-method> <!-- suiteSetup -->
        <test-method is-config="true" signature="testClassSetup(java.lang.String, java.lang.String, java.lang.String)[pri:0, instance:com.cognizant.tests.HealthInsuranceTest@4cf4d528]" started-at="2021-07-02T21:41:47Z" name="testClassSetup" finished-at="2021-07-02T21:41:47Z" duration-ms="1" status="PASS">
          <params>
            <param index="0">
              <value>
                <![CDATA[edge]]>
              </value>
            </param>
            <param index="1">
              <value>
                <![CDATA[Windows 10]]>
              </value>
            </param>
            <param index="2">
              <value>
                <![CDATA[local]]>
              </value>
            </param>
          </params>
          <reporter-output>
          </reporter-output>
        </test-method> <!-- testClassSetup -->
        <test-method signature="HealthInsurance()[pri:0, instance:com.cognizant.tests.HealthInsuranceTest@4cf4d528]" started-at="2021-07-02T21:41:47Z" name="HealthInsurance" finished-at="2021-07-02T21:41:53Z" duration-ms="5932" status="PASS">
          <reporter-output>
            <line>
              <![CDATA[Family Health Insurance]]>
            </line>
            <line>
              <![CDATA[Senior Citizen Health Insurance]]>
            </line>
            <line>
              <![CDATA[Coronavirus Health Insurance]]>
            </line>
            <line>
              <![CDATA[Corona Kavach Policy]]>
            </line>
            <line>
              <![CDATA[Corona Rakshak Policy]]>
            </line>
            <line>
              <![CDATA[Arogya Sanjeevani Policy]]>
            </line>
            <line>
              <![CDATA[Critical Illness Insurance]]>
            </line>
            <line>
              <![CDATA[Mediclaim Policy]]>
            </line>
            <line>
              <![CDATA[Best Health Insurance Plans]]>
            </line>
            <line>
              <![CDATA[Health Insurance Claim]]>
            </line>
            <line>
              <![CDATA[Health Insurance Calculator]]>
            </line>
          </reporter-output>
        </test-method> <!-- HealthInsurance -->
        <test-method is-config="true" signature="testClassTearDown()[pri:0, instance:com.cognizant.tests.HealthInsuranceTest@4cf4d528]" started-at="2021-07-02T21:41:53Z" name="testClassTearDown" finished-at="2021-07-02T21:41:55Z" duration-ms="1660" status="PASS">
          <reporter-output>
          </reporter-output>
        </test-method> <!-- testClassTearDown -->
      </class> <!-- com.cognizant.tests.HealthInsuranceTest -->
    </test> <!-- EdgeTest -->
    <test started-at="2021-07-02T16:11:44Z" name="FirefoxTest" finished-at="2021-07-02T16:12:47Z" duration-ms="63467">
      <class name="com.cognizant.tests.CarInsuranceTest">
        <test-method is-config="true" signature="suiteSetup(java.lang.String, java.lang.String, java.lang.String)[pri:0, instance:com.cognizant.tests.CarInsuranceTest@df27fae]" started-at="2021-07-02T21:41:55Z" name="suiteSetup" finished-at="2021-07-02T21:42:03Z" duration-ms="8106" status="PASS">
          <params>
            <param index="0">
              <value>
                <![CDATA[firefox]]>
              </value>
            </param>
            <param index="1">
              <value>
                <![CDATA[Windows 10]]>
              </value>
            </param>
            <param index="2">
              <value>
                <![CDATA[local]]>
              </value>
            </param>
          </params>
          <reporter-output>
          </reporter-output>
        </test-method> <!-- suiteSetup -->
        <test-method is-config="true" signature="testClassSetup(java.lang.String, java.lang.String, java.lang.String)[pri:0, instance:com.cognizant.tests.CarInsuranceTest@df27fae]" started-at="2021-07-02T21:42:03Z" name="testClassSetup" finished-at="2021-07-02T21:42:03Z" duration-ms="63" status="PASS">
          <params>
            <param index="0">
              <value>
                <![CDATA[firefox]]>
              </value>
            </param>
            <param index="1">
              <value>
                <![CDATA[Windows 10]]>
              </value>
            </param>
            <param index="2">
              <value>
                <![CDATA[local]]>
              </value>
            </param>
          </params>
          <reporter-output>
          </reporter-output>
        </test-method> <!-- testClassSetup -->
        <test-method signature="testCarInsuranceCase()[pri:0, instance:com.cognizant.tests.CarInsuranceTest@df27fae]" started-at="2021-07-02T21:42:03Z" name="testCarInsuranceCase" finished-at="2021-07-02T21:42:19Z" duration-ms="16201" status="PASS">
          <reporter-output>
          </reporter-output>
        </test-method> <!-- testCarInsuranceCase -->
        <test-method is-config="true" signature="testClassTearDown()[pri:0, instance:com.cognizant.tests.CarInsuranceTest@df27fae]" started-at="2021-07-02T21:42:19Z" name="testClassTearDown" finished-at="2021-07-02T21:42:21Z" duration-ms="1574" status="PASS">
          <reporter-output>
            <line>
              <![CDATA[Something went wrong with the web driver object when it was being closed.]]>
            </line>
          </reporter-output>
        </test-method> <!-- testClassTearDown -->
        <test-method is-config="true" signature="suiteTearDown()[pri:0, instance:com.cognizant.tests.CarInsuranceTest@df27fae]" started-at="2021-07-02T21:42:47Z" name="suiteTearDown" finished-at="2021-07-02T21:42:47Z" duration-ms="0" status="PASS">
          <reporter-output>
          </reporter-output>
        </test-method> <!-- suiteTearDown -->
      </class> <!-- com.cognizant.tests.CarInsuranceTest -->
      <class name="com.cognizant.tests.TravelInsuranceTest">
        <test-method is-config="true" signature="suiteSetup(java.lang.String, java.lang.String, java.lang.String)[pri:0, instance:com.cognizant.tests.TravelInsuranceTest@16f7c8c1]" started-at="2021-07-02T21:42:21Z" name="suiteSetup" finished-at="2021-07-02T21:42:29Z" duration-ms="8060" status="PASS">
          <params>
            <param index="0">
              <value>
                <![CDATA[firefox]]>
              </value>
            </param>
            <param index="1">
              <value>
                <![CDATA[Windows 10]]>
              </value>
            </param>
            <param index="2">
              <value>
                <![CDATA[local]]>
              </value>
            </param>
          </params>
          <reporter-output>
          </reporter-output>
        </test-method> <!-- suiteSetup -->
        <test-method is-config="true" signature="testClassSetup(java.lang.String, java.lang.String, java.lang.String)[pri:0, instance:com.cognizant.tests.TravelInsuranceTest@16f7c8c1]" started-at="2021-07-02T21:42:29Z" name="testClassSetup" finished-at="2021-07-02T21:42:29Z" duration-ms="50" status="PASS">
          <params>
            <param index="0">
              <value>
                <![CDATA[firefox]]>
              </value>
            </param>
            <param index="1">
              <value>
                <![CDATA[Windows 10]]>
              </value>
            </param>
            <param index="2">
              <value>
                <![CDATA[local]]>
              </value>
            </param>
          </params>
          <reporter-output>
          </reporter-output>
        </test-method> <!-- testClassSetup -->
        <test-method signature="testSearchCountry()[pri:0, instance:com.cognizant.tests.TravelInsuranceTest@16f7c8c1]" started-at="2021-07-02T21:42:29Z" name="testSearchCountry" finished-at="2021-07-02T21:42:46Z" duration-ms="17211" status="SKIP">
          <exception class="org.testng.SkipException">
            <message>
              <![CDATA[WebDriver timeout. Failed to locate a web element.]]>
            </message>
            <full-stacktrace>
              <![CDATA[org.testng.SkipException: WebDriver timeout. Failed to locate a web element.
	at com.cognizant.tests.TravelInsuranceTest.testSearchCountry(TravelInsuranceTest.java:89)
	at java.base/jdk.internal.reflect.NativeMethodAccessorImpl.invoke0(Native Method)
	at java.base/jdk.internal.reflect.NativeMethodAccessorImpl.invoke(NativeMethodAccessorImpl.java:78)
	at java.base/jdk.internal.reflect.DelegatingMethodAccessorImpl.invoke(DelegatingMethodAccessorImpl.java:43)
	at java.base/java.lang.reflect.Method.invoke(Method.java:567)
	at org.testng.internal.MethodInvocationHelper.invokeMethod(MethodInvocationHelper.java:80)
	at org.testng.internal.Invoker.invokeMethod(Invoker.java:714)
	at org.testng.internal.Invoker.invokeTestMethod(Invoker.java:901)
	at org.testng.internal.Invoker.invokeTestMethods(Invoker.java:1231)
	at org.testng.internal.TestMethodWorker.invokeTestMethods(TestMethodWorker.java:127)
	at org.testng.internal.TestMethodWorker.run(TestMethodWorker.java:111)
	at org.testng.TestRunner.privateRun(TestRunner.java:767)
	at org.testng.TestRunner.run(TestRunner.java:617)
	at org.testng.SuiteRunner.runTest(SuiteRunner.java:334)
	at org.testng.SuiteRunner.access$000(SuiteRunner.java:37)
	at org.testng.SuiteRunner$SuiteWorker.run(SuiteRunner.java:368)
	at org.testng.internal.thread.ThreadUtil$2.call(ThreadUtil.java:64)
	at java.base/java.util.concurrent.FutureTask.run(FutureTask.java:264)
	at java.base/java.util.concurrent.ThreadPoolExecutor.runWorker(ThreadPoolExecutor.java:1130)
	at java.base/java.util.concurrent.ThreadPoolExecutor$Worker.run(ThreadPoolExecutor.java:630)
	at java.base/java.lang.Thread.run(Thread.java:831)
]]>
            </full-stacktrace>
          </exception> <!-- org.testng.SkipException -->
          <reporter-output>
            <line>
              <![CDATA[WebDriver timeout. Failed to locate a web element.]]>
            </line>
          </reporter-output>
        </test-method> <!-- testSearchCountry -->
        <test-method is-config="true" signature="testClassTearDown()[pri:0, instance:com.cognizant.tests.TravelInsuranceTest@16f7c8c1]" started-at="2021-07-02T21:42:46Z" name="testClassTearDown" finished-at="2021-07-02T21:42:47Z" duration-ms="1010" status="PASS">
          <reporter-output>
            <line>
              <![CDATA[Something went wrong with the web driver object when it was being closed.]]>
            </line>
          </reporter-output>
        </test-method> <!-- testClassTearDown -->
      </class> <!-- com.cognizant.tests.TravelInsuranceTest -->
      <class name="com.cognizant.tests.HealthInsuranceTest">
        <test-method is-config="true" signature="suiteSetup(java.lang.String, java.lang.String, java.lang.String)[pri:0, instance:com.cognizant.tests.HealthInsuranceTest@2f0a87b3]" started-at="2021-07-02T21:41:44Z" name="suiteSetup" finished-at="2021-07-02T21:41:47Z" duration-ms="3542" status="PASS">
          <params>
            <param index="0">
              <value>
                <![CDATA[firefox]]>
              </value>
            </param>
            <param index="1">
              <value>
                <![CDATA[Windows 10]]>
              </value>
            </param>
            <param index="2">
              <value>
                <![CDATA[local]]>
              </value>
            </param>
          </params>
          <reporter-output>
          </reporter-output>
        </test-method> <!-- suiteSetup -->
        <test-method is-config="true" signature="testClassSetup(java.lang.String, java.lang.String, java.lang.String)[pri:0, instance:com.cognizant.tests.HealthInsuranceTest@2f0a87b3]" started-at="2021-07-02T21:41:47Z" name="testClassSetup" finished-at="2021-07-02T21:41:47Z" duration-ms="0" status="PASS">
          <params>
            <param index="0">
              <value>
                <![CDATA[firefox]]>
              </value>
            </param>
            <param index="1">
              <value>
                <![CDATA[Windows 10]]>
              </value>
            </param>
            <param index="2">
              <value>
                <![CDATA[local]]>
              </value>
            </param>
          </params>
          <reporter-output>
          </reporter-output>
        </test-method> <!-- testClassSetup -->
        <test-method signature="HealthInsurance()[pri:0, instance:com.cognizant.tests.HealthInsuranceTest@2f0a87b3]" started-at="2021-07-02T21:41:47Z" name="HealthInsurance" finished-at="2021-07-02T21:41:53Z" duration-ms="5714" status="PASS">
          <reporter-output>
            <line>
              <![CDATA[Family Health Insurance]]>
            </line>
            <line>
              <![CDATA[Senior Citizen Health Insurance]]>
            </line>
            <line>
              <![CDATA[Coronavirus Health Insurance]]>
            </line>
            <line>
              <![CDATA[Corona Kavach Policy]]>
            </line>
            <line>
              <![CDATA[Corona Rakshak Policy]]>
            </line>
            <line>
              <![CDATA[Arogya Sanjeevani Policy]]>
            </line>
            <line>
              <![CDATA[Critical Illness Insurance]]>
            </line>
            <line>
              <![CDATA[Mediclaim Policy]]>
            </line>
            <line>
              <![CDATA[Best Health Insurance Plans]]>
            </line>
            <line>
              <![CDATA[Health Insurance Claim]]>
            </line>
            <line>
              <![CDATA[Health Insurance Calculator]]>
            </line>
          </reporter-output>
        </test-method> <!-- HealthInsurance -->
        <test-method is-config="true" signature="testClassTearDown()[pri:0, instance:com.cognizant.tests.HealthInsuranceTest@2f0a87b3]" started-at="2021-07-02T21:41:53Z" name="testClassTearDown" finished-at="2021-07-02T21:41:55Z" duration-ms="1847" status="PASS">
          <reporter-output>
          </reporter-output>
        </test-method> <!-- testClassTearDown -->
      </class> <!-- com.cognizant.tests.HealthInsuranceTest -->
    </test> <!-- FirefoxTest -->
  </suite> <!-- PolicyBazarTests -->
</testng-results>
